0 info it worked if it ends with ok
1 verbose cli [ '/home/neel/.linuxbrew/Cellar/node/4.1.1/bin/node',
1 verbose cli   '/home/neel/.linuxbrew/bin/npm',
1 verbose cli   'install',
1 verbose cli   'https://github.com/rewish/jquery-bgswitcher.git',
1 verbose cli   '--save' ]
2 info using npm@3.3.6
3 info using node@v4.1.1
4 verbose config Skipping project config: /home/neel/.npmrc. (matches userconfig)
5 silly loadCurrentTree Starting
6 silly install loadCurrentTree
7 silly install readLocalPackageData
8 silly fetchPackageMetaData https://github.com/rewish/jquery-bgswitcher.git
9 silly fetchOtherPackageData https://github.com/rewish/jquery-bgswitcher.git
10 silly cache add args [ 'https://github.com/rewish/jquery-bgswitcher.git', null ]
11 verbose cache add spec https://github.com/rewish/jquery-bgswitcher.git
12 silly cache add parsed spec Result {
12 silly cache add   raw: 'https://github.com/rewish/jquery-bgswitcher.git',
12 silly cache add   scope: null,
12 silly cache add   name: null,
12 silly cache add   rawSpec: 'https://github.com/rewish/jquery-bgswitcher.git',
12 silly cache add   spec: 'git+https://github.com/rewish/jquery-bgswitcher.git',
12 silly cache add   type: 'hosted',
12 silly cache add   hosted:
12 silly cache add    { type: 'github',
12 silly cache add      ssh: 'git@github.com:rewish/jquery-bgswitcher.git',
12 silly cache add      sshUrl: 'git+ssh://git@github.com/rewish/jquery-bgswitcher.git',
12 silly cache add      httpsUrl: 'git+https://github.com/rewish/jquery-bgswitcher.git',
12 silly cache add      gitUrl: 'git://github.com/rewish/jquery-bgswitcher.git',
12 silly cache add      shortcut: 'github:rewish/jquery-bgswitcher',
12 silly cache add      directUrl: 'https://raw.githubusercontent.com/rewish/jquery-bgswitcher/master/package.json' } }
13 verbose addRemoteGit caching https://github.com/rewish/jquery-bgswitcher.git
14 verbose addRemoteGit git+https://github.com/rewish/jquery-bgswitcher.git is a repository hosted by github
15 silly tryClone cloning git+https://github.com/rewish/jquery-bgswitcher.git via git+https://github.com/rewish/jquery-bgswitcher.git
16 verbose tryClone git-https-github-com-rewish-jquery-bgswitcher-git-f3fb7f997f945ae1d00b9446d2b63c3f not in flight; caching
17 info git [ 'clone',
17 info git   '--template=/home/neel/.npm/_git-remotes/_templates',
17 info git   '--mirror',
17 info git   'https://github.com/rewish/jquery-bgswitcher.git',
17 info git   '/home/neel/.npm/_git-remotes/git-https-github-com-rewish-jquery-bgswitcher-git-f3fb7f997f945ae1d00b9446d2b63c3f' ]
18 error git clone --template=/home/neel/.npm/_git-remotes/_templates --mirror https://github.com/rewish/jquery-bgswitcher.git /home/neel/.npm/_git-remotes/git-https-github-com-rewish-jquery-bgswitcher-git-f3fb7f997f945ae1d00b9446d2b63c3f: Cloning into bare repository '/home/neel/.npm/_git-remotes/git-https-github-com-rewish-jquery-bgswitcher-git-f3fb7f997f945ae1d00b9446d2b63c3f'...
18 error git clone --template=/home/neel/.npm/_git-remotes/_templates --mirror https://github.com/rewish/jquery-bgswitcher.git /home/neel/.npm/_git-remotes/git-https-github-com-rewish-jquery-bgswitcher-git-f3fb7f997f945ae1d00b9446d2b63c3f: fatal: unable to access 'https://github.com/rewish/jquery-bgswitcher.git/': Could not resolve host: github.com
19 silly fetchPackageMetaData Error: Command failed: git clone --template=/home/neel/.npm/_git-remotes/_templates --mirror https://github.com/rewish/jquery-bgswitcher.git /home/neel/.npm/_git-remotes/git-https-github-com-rewish-jquery-bgswitcher-git-f3fb7f997f945ae1d00b9446d2b63c3f
19 silly fetchPackageMetaData Cloning into bare repository '/home/neel/.npm/_git-remotes/git-https-github-com-rewish-jquery-bgswitcher-git-f3fb7f997f945ae1d00b9446d2b63c3f'...
19 silly fetchPackageMetaData fatal: unable to access 'https://github.com/rewish/jquery-bgswitcher.git/': Could not resolve host: github.com
19 silly fetchPackageMetaData
19 silly fetchPackageMetaData     at ChildProcess.exithandler (child_process.js:203:12)
19 silly fetchPackageMetaData     at emitTwo (events.js:87:13)
19 silly fetchPackageMetaData     at ChildProcess.emit (events.js:172:7)
19 silly fetchPackageMetaData     at maybeClose (internal/child_process.js:817:16)
19 silly fetchPackageMetaData     at Process.ChildProcess._handle.onexit (internal/child_process.js:211:5)
19 silly fetchPackageMetaData  error for https://github.com/rewish/jquery-bgswitcher.git { [Error: Command failed: git clone --template=/home/neel/.npm/_git-remotes/_templates --mirror https://github.com/rewish/jquery-bgswitcher.git /home/neel/.npm/_git-remotes/git-https-github-com-rewish-jquery-bgswitcher-git-f3fb7f997f945ae1d00b9446d2b63c3f
19 silly fetchPackageMetaData Cloning into bare repository '/home/neel/.npm/_git-remotes/git-https-github-com-rewish-jquery-bgswitcher-git-f3fb7f997f945ae1d00b9446d2b63c3f'...
19 silly fetchPackageMetaData fatal: unable to access 'https://github.com/rewish/jquery-bgswitcher.git/': Could not resolve host: github.com
19 silly fetchPackageMetaData ]
19 silly fetchPackageMetaData   killed: false,
19 silly fetchPackageMetaData   code: 128,
19 silly fetchPackageMetaData   signal: null,
19 silly fetchPackageMetaData   cmd: 'git clone --template=/home/neel/.npm/_git-remotes/_templates --mirror https://github.com/rewish/jquery-bgswitcher.git /home/neel/.npm/_git-remotes/git-https-github-com-rewish-jquery-bgswitcher-git-f3fb7f997f945ae1d00b9446d2b63c3f' }
20 silly rollbackFailedOptional Starting
21 silly rollbackFailedOptional Finishing
22 silly runTopLevelLifecycles Starting
23 silly runTopLevelLifecycles Finishing
24 silly install printInstalled
25 verbose stack Error: Command failed: git clone --template=/home/neel/.npm/_git-remotes/_templates --mirror https://github.com/rewish/jquery-bgswitcher.git /home/neel/.npm/_git-remotes/git-https-github-com-rewish-jquery-bgswitcher-git-f3fb7f997f945ae1d00b9446d2b63c3f
25 verbose stack Cloning into bare repository '/home/neel/.npm/_git-remotes/git-https-github-com-rewish-jquery-bgswitcher-git-f3fb7f997f945ae1d00b9446d2b63c3f'...
25 verbose stack fatal: unable to access 'https://github.com/rewish/jquery-bgswitcher.git/': Could not resolve host: github.com
25 verbose stack
25 verbose stack     at ChildProcess.exithandler (child_process.js:203:12)
25 verbose stack     at emitTwo (events.js:87:13)
25 verbose stack     at ChildProcess.emit (events.js:172:7)
25 verbose stack     at maybeClose (internal/child_process.js:817:16)
25 verbose stack     at Process.ChildProcess._handle.onexit (internal/child_process.js:211:5)
26 verbose cwd /home/neel/Documents/CRICTR3
27 error Linux 3.16.0-38-generic
28 error argv "/home/neel/.linuxbrew/Cellar/node/4.1.1/bin/node" "/home/neel/.linuxbrew/bin/npm" "install" "https://github.com/rewish/jquery-bgswitcher.git" "--save"
29 error node v4.1.1
30 error npm  v3.3.6
31 error code 128
32 error Command failed: git clone --template=/home/neel/.npm/_git-remotes/_templates --mirror https://github.com/rewish/jquery-bgswitcher.git /home/neel/.npm/_git-remotes/git-https-github-com-rewish-jquery-bgswitcher-git-f3fb7f997f945ae1d00b9446d2b63c3f
32 error Cloning into bare repository '/home/neel/.npm/_git-remotes/git-https-github-com-rewish-jquery-bgswitcher-git-f3fb7f997f945ae1d00b9446d2b63c3f'...
32 error fatal: unable to access 'https://github.com/rewish/jquery-bgswitcher.git/': Could not resolve host: github.com
33 error If you need help, you may report this error at:
33 error     <https://github.com/npm/npm/issues>
34 verbose exit [ 1, true ]
